<?xml version="1.0" encoding="UTF-8"?>
<!-- Generated by org.testng.reporters.JUnitReportReporter -->
<testsuite skipped="0" hostname="DESKTOP-6BHR4HM" name="com.ebayTest.RegistrationTest" tests="2" failures="0" timestamp="2020-05-31T20:13:10 IST" time="12.624" errors="0">
  <testcase name="enterTheEmailAddress" time="5.690" classname="com.ebayTest.RegistrationTest"/>
  <system-out/>
  <testcase name="enterRegistraionDeatils" time="6.934" classname="com.ebayTest.RegistrationTest"/>
  <system-out/>
</testsuite> <!-- com.ebayTest.RegistrationTest -->
